<beans xmlns="http://www.springframework.org/schema/beans"
       xmlns:xsi="http://www.w3.org/2001/XMLSchema-instance"
       xmlns:context="http://www.springframework.org/schema/context"
       xsi:schemaLocation="http://www.springframework.org/schema/beans
        http://www.springframework.org/schema/beans/spring-beans.xsd http://www.springframework.org/schema/context http://www.springframework.org/schema/context/spring-context.xsd">

    <context:property-placeholder
            location="classpath*:/environmentConfig/default/*.properties,classpath*:/environmentConfig/${com.walmart.platform.config.runOnEnv}/*.properties"/>

    <import resource="classpath*:platform-minimal.xml"/>

    <bean class="com.walmart.gmp.ingestion.platform.simulations.SimulationCodes">
        <constructor-arg index="0" value="simulationCodes.json"/>
    </bean>

    <!--<bean id="dataManager" class="com.walmart.gmp.ingestion.platform.framework.data.core.DataManager">
        <constructor-arg index="0" value="file://dm-config.json"/>
    </bean>

    <bean id="eventScheduler" class="com.walmartlabs.components.scheduler.core.hz.ScheduleScanner <bean class="com.walmartlabs.components.scheduler.core.hz.HzEventReceiver"/>
    <bean id="bucketStore" class="com.walmartlabs.components.scheduler.core.hz.HzBucketStore"/>-->

    <bean id="hz" class="com.walmart.gmp.ingestion.platform.framework.core.Hz">
        <constructor-arg index="0" value="hz.xml.vm"/>
        <constructor-arg index="1" value="file://hz.json"/>
    </bean>

    <bean id="testService" class="com.walmartlabs.components.tests.TestClusterSingleton$TestService"/>

    <bean class="com.walmartlabs.components.scheduler.utils.ClusterSingleton">
        <constructor-arg index="0" ref="testService"/>
        <constructor-arg index="1" ref="hz"/>
    </bean>

</beans>