<beans xmlns="http://www.springframework.org/schema/beans"
       xmlns:xsi="http://www.w3.org/2001/XMLSchema-instance"
       xmlns:context="http://www.springframework.org/schema/context"
       xsi:schemaLocation="http://www.springframework.org/schema/beans
        http://www.springframework.org/schema/beans/spring-beans.xsd
        http://www.springframework.org/schema/context http://www.springframework.org/schema/context/spring-context.xsd">

    <context:property-placeholder location="hz.properties" ignore-resource-not-found="false"/>

    <!--<import resource="scheduler-config.xml"/>-->
    <!--<import resource="scheduler-hz-config.xml"/>-->
    <import resource="dse-beans.xml"/>
    <import resource="scheduler-hz.xml"/>

    <bean class="com.walmart.gmp.ingestion.platform.simulations.SimulationCodes">
        <constructor-arg index="0" value="simulationCodes.json"/>
    </bean>

    <bean id="eventProcessor" class="com.walmartlabs.components.tests.TestEventProcessor"/>
</beans>