<beans xmlns="http://www.springframework.org/schema/beans"
       xmlns:xsi="http://www.w3.org/2001/XMLSchema-instance"
       xmlns:context="http://www.springframework.org/schema/context"
       xsi:schemaLocation="http://www.springframework.org/schema/beans
        http://www.springframework.org/schema/beans/spring-beans.xsd http://www.springframework.org/schema/context http://www.springframework.org/schema/context/spring-context.xsd">

    <context:property-placeholder
            location="classpath*:/environmentConfig/default/*.properties,classpath*:/environmentConfig/${com.walmart.platform.config.runOnEnv}/*.properties"/>

    <import resource="scheduler-beans.xml"/>
    <bean class="com.walmartlabs.components.tests.TestEventScheduler"/>
</beans>