<beans xmlns="http://www.springframework.org/schema/beans"
       xmlns:xsi="http://www.w3.org/2001/XMLSchema-instance"
       xsi:schemaLocation="http://www.springframework.org/schema/beans
        http://www.springframework.org/schema/beans/spring-beans.xsd">

    <bean id="processRegistry" class="com.walmartlabs.components.scheduler.processors.ProcessorRegistry">
        <constructor-arg index="0" value="file://processors.json"/>
        <constructor-arg index="1" value="false"/>
    </bean>
</beans>